<?xml version="1.0" encoding="UTF-8" standalone="no"?><testsuite errors="1" failures="0" name="Login to Tricentis Demo Web Shop" skipped="0" tests="1" time="0.16" timestamp="2025-12-15 01:46:46"><testcase name="Successful login with valid credentials"><error message="Cannot invoke &quot;locatorsfile.LoginSerenitySteps.loginUser()&quot; because &quot;this.loginSerenitySteps&quot; is null" type="java.lang.NullPointerException">Cannot invoke "locatorsfile.LoginSerenitySteps.loginUser()" because "this.loginSerenitySteps" is null</error><system-err>Cannot invoke "locatorsfile.LoginSerenitySteps.loginUser()" because "this.loginSerenitySteps" is null&#13;
Stepfiles.LoginSteps.navigate_application(LoginSteps.java:15)&#13;
✽.the user is on the login page(file:///C:/Users/oashokappugol/IdeaProjects/SerenityProject/src/test/resources/login.feature:4)&#13;
</system-err></testcase></testsuite>